2021-12-31 02:38:44:3844 [90minfo[39m: [90mListening on port 1234[39m
2021-12-31 02:38:56:3856 [90minfo[39m: [90mRequset Type: Product[39m
2021-12-31 02:38:56:3856 [90minfo[39m: [90mMethod: create[39m
2021-12-31 02:44:15:4415 [90minfo[39m: [90mListening on port 1234[39m
2021-12-31 02:54:56:5456 [90minfo[39m: [90mListening on port 1234[39m
2021-12-31 02:55:29:5529 [90minfo[39m: [90mRequset Type: Product[39m
2021-12-31 03:09:06:96 [90minfo[39m: [90mListening on port 1234[39m
2021-12-31 03:09:09:99 [90minfo[39m: [90mRequset Type: Product[39m
2021-12-31 03:15:51:1551 [90minfo[39m: [90mListening on port 1234[39m
2021-12-31 03:15:54:1554 [90minfo[39m: [90mRequset Type: Product[39m
2021-12-31 03:21:19:2119 [90minfo[39m: [90mListening on port 1234[39m
2021-12-31 03:21:23:2123 [90minfo[39m: [90mRequset Type: Product[39m
2021-12-31 03:21:33:2133 [90minfo[39m: [90mListening on port 1234[39m
2021-12-31 03:21:38:2138 [90minfo[39m: [90mRequset Type: Product[39m
2021-12-31 03:21:48:2148 [90minfo[39m: [90mListening on port 1234[39m
2021-12-31 03:21:53:2153 [90minfo[39m: [90mRequset Type: Product[39m
2021-12-31 03:22:19:2219 [90minfo[39m: [90mListening on port 1234[39m
2021-12-31 03:22:22:2222 [90minfo[39m: [90mRequset Type: Product[39m
2021-12-31 03:29:53:2953 [90minfo[39m: [90mListening on port 1234[39m
2021-12-31 03:29:57:2957 [90minfo[39m: [90mRequset Type: Product[39m
2021-12-31 03:33:44:3344 [90minfo[39m: [90mListening on port 1234[39m
2021-12-31 03:33:48:3348 [90minfo[39m: [90mRequset Type: Product[39m
2021-12-31 03:46:45:4645 [90minfo[39m: [90mRequset Type: Product[39m
2021-12-31 03:46:45:4645 [90minfo[39m: [90mMethod: create[39m
2021-12-31 03:48:04:484 [90minfo[39m: [90mListening on port 1234[39m
2021-12-31 03:48:10:4810 [90minfo[39m: [90mRequset Type: Product[39m
2021-12-31 03:49:01:491 [90minfo[39m: [90mRequset Type: Product[39m
2021-12-31 03:50:35:5035 [90minfo[39m: [90mListening on port 1234[39m
2021-12-31 03:50:42:5042 [90minfo[39m: [90mRequset Type: Product[39m
2021-12-31 03:54:42:5442 [90minfo[39m: [90mListening on port 1234[39m
2021-12-31 03:54:45:5445 [90minfo[39m: [90mRequset Type: Product[39m
2021-12-31 03:56:52:5652 [90minfo[39m: [90mRequset Type: Product[39m
2021-12-31 03:59:04:594 [90minfo[39m: [90mListening on port 1234[39m
2021-12-31 03:59:08:598 [90minfo[39m: [90mRequset Type: Product[39m
2021-12-31 03:59:52:5952 [90minfo[39m: [90mRequset Type: Product[39m
2021-12-31 04:00:59:059 [90minfo[39m: [90mListening on port 1234[39m
2021-12-31 04:01:01:11 [90minfo[39m: [90mRequset Type: Product[39m
2021-12-31 04:01:24:124 [90minfo[39m: [90mListening on port 1234[39m
2021-12-31 04:01:26:126 [90minfo[39m: [90mRequset Type: Product[39m
2021-12-31 04:02:06:26 [90minfo[39m: [90mListening on port 1234[39m
2021-12-31 04:02:08:28 [90minfo[39m: [90mRequset Type: Product[39m
2021-12-31 04:03:03:33 [90minfo[39m: [90mListening on port 1234[39m
2021-12-31 04:03:11:311 [90minfo[39m: [90mRequset Type: Product[39m
2021-12-31 04:03:24:324 [90minfo[39m: [90mRequset Type: Product[39m
2021-12-31 04:04:21:421 [90minfo[39m: [90mListening on port 1234[39m
2021-12-31 04:04:23:423 [90minfo[39m: [90mRequset Type: Product[39m
2021-12-31 04:05:02:52 [90minfo[39m: [90mListening on port 1234[39m
2021-12-31 04:05:04:54 [90minfo[39m: [90mRequset Type: Product[39m
2021-12-31 04:05:18:518 [90minfo[39m: [90mListening on port 1234[39m
2021-12-31 04:05:20:520 [90minfo[39m: [90mRequset Type: Product[39m
2021-12-31 04:06:17:617 [90minfo[39m: [90mListening on port 1234[39m
2021-12-31 04:06:19:619 [90minfo[39m: [90mRequset Type: Product[39m
2021-12-31 04:11:48:1148 [90minfo[39m: [90mRequset Type: Product[39m
2021-12-31 04:12:22:1222 [31merror[39m: [31mSyntaxError: Unexpected string in JSON at position 153[39m
[31m    at JSON.parse (<anonymous>)[39m
[31m    at parse (D:\Programming\Web\direct_sales_platform\@backend\node_modules\body-parser\lib\types\json.js:89:19)[39m
[31m    at D:\Programming\Web\direct_sales_platform\@backend\node_modules\body-parser\lib\read.js:121:18[39m
[31m    at invokeCallback (D:\Programming\Web\direct_sales_platform\@backend\node_modules\raw-body\index.js:224:16)[39m
[31m    at done (D:\Programming\Web\direct_sales_platform\@backend\node_modules\raw-body\index.js:213:7)[39m
[31m    at IncomingMessage.onEnd (D:\Programming\Web\direct_sales_platform\@backend\node_modules\raw-body\index.js:273:7)[39m
[31m    at IncomingMessage.emit (events.js:327:22)[39m
[31m    at endReadableNT (internal/streams/readable.js:1327:12)[39m
[31m    at processTicksAndRejections (internal/process/task_queues.js:80:21)[39m
2021-12-31 04:13:27:1327 [31merror[39m: [31mSyntaxError: Unexpected string in JSON at position 153[39m
[31m    at JSON.parse (<anonymous>)[39m
[31m    at parse (D:\Programming\Web\direct_sales_platform\@backend\node_modules\body-parser\lib\types\json.js:89:19)[39m
[31m    at D:\Programming\Web\direct_sales_platform\@backend\node_modules\body-parser\lib\read.js:121:18[39m
[31m    at invokeCallback (D:\Programming\Web\direct_sales_platform\@backend\node_modules\raw-body\index.js:224:16)[39m
[31m    at done (D:\Programming\Web\direct_sales_platform\@backend\node_modules\raw-body\index.js:213:7)[39m
[31m    at IncomingMessage.onEnd (D:\Programming\Web\direct_sales_platform\@backend\node_modules\raw-body\index.js:273:7)[39m
[31m    at IncomingMessage.emit (events.js:327:22)[39m
[31m    at endReadableNT (internal/streams/readable.js:1327:12)[39m
[31m    at processTicksAndRejections (internal/process/task_queues.js:80:21)[39m
2021-12-31 04:13:38:1338 [90minfo[39m: [90mRequset Type: Product[39m
2021-12-31 04:26:56:2656 [90minfo[39m: [90mListening on port 1234[39m
2021-12-31 04:27:01:271 [90minfo[39m: [90mRequset Type: Product[39m
2021-12-31 04:27:36:2736 [90minfo[39m: [90mListening on port 1234[39m
2021-12-31 04:27:39:2739 [90minfo[39m: [90mRequset Type: Product[39m
2021-12-31 04:28:49:2849 [90minfo[39m: [90mListening on port 1234[39m
2021-12-31 04:28:53:2853 [90minfo[39m: [90mRequset Type: Product[39m
2021-12-31 04:31:44:3144 [90minfo[39m: [90mListening on port 1234[39m
2021-12-31 04:31:47:3147 [90minfo[39m: [90mRequset Type: Product[39m
2021-12-31 04:34:41:3441 [90minfo[39m: [90mListening on port 1234[39m
2021-12-31 04:34:43:3443 [90minfo[39m: [90mRequset Type: Product[39m
2021-12-31 09:40:16:4016 [90minfo[39m: [90mRequset Type: Product[39m
2021-12-31 11:18:54:1854 [90minfo[39m: [90mListening on port 1234[39m
2021-12-31 11:20:51:2051 [90minfo[39m: [90mRequset Type: Product[39m
2021-12-31 11:21:05:215 [90minfo[39m: [90mRequset Type: Product[39m
2021-12-31 11:21:41:2141 [90minfo[39m: [90mRequset Type: Product[39m
2021-12-31 11:21:41:2141 [90minfo[39m: [90mMethod: create[39m
2021-12-31 11:22:05:225 [90minfo[39m: [90mRequset Type: Product[39m
2021-12-31 11:22:44:2244 [90minfo[39m: [90mListening on port 1234[39m
2021-12-31 11:22:48:2248 [90minfo[39m: [90mRequset Type: Product[39m
2021-12-31 11:26:06:266 [90minfo[39m: [90mListening on port 1234[39m
2021-12-31 11:26:08:268 [90minfo[39m: [90mRequset Type: Product[39m
2021-12-31 11:27:22:2722 [90minfo[39m: [90mListening on port 1234[39m
2021-12-31 11:27:23:2723 [90minfo[39m: [90mRequset Type: Product[39m
2021-12-31 11:27:59:2759 [90minfo[39m: [90mListening on port 1234[39m
2021-12-31 11:28:00:280 [90minfo[39m: [90mRequset Type: Product[39m
2021-12-31 11:28:37:2837 [90minfo[39m: [90mListening on port 1234[39m
2021-12-31 11:28:40:2840 [90minfo[39m: [90mRequset Type: Product[39m
2021-12-31 11:30:01:301 [90minfo[39m: [90mListening on port 1234[39m
2021-12-31 11:30:02:302 [90minfo[39m: [90mRequset Type: Product[39m
2021-12-31 11:30:49:3049 [90minfo[39m: [90mListening on port 1234[39m
2021-12-31 11:30:51:3051 [90minfo[39m: [90mRequset Type: Product[39m
2021-12-31 11:31:22:3122 [90minfo[39m: [90mListening on port 1234[39m
2021-12-31 11:31:23:3123 [90minfo[39m: [90mRequset Type: Product[39m
2021-12-31 11:31:50:3150 [90minfo[39m: [90mListening on port 1234[39m
2021-12-31 11:31:52:3152 [90minfo[39m: [90mRequset Type: Product[39m
2021-12-31 11:34:49:3449 [90minfo[39m: [90mListening on port 1234[39m
2021-12-31 11:34:50:3450 [90minfo[39m: [90mRequset Type: Product[39m
2021-12-31 11:35:37:3537 [90minfo[39m: [90mListening on port 1234[39m
2021-12-31 11:35:39:3539 [90minfo[39m: [90mRequset Type: Product[39m
2021-12-31 11:36:05:365 [90minfo[39m: [90mListening on port 1234[39m
2021-12-31 11:36:06:366 [90minfo[39m: [90mRequset Type: Product[39m
2021-12-31 11:36:27:3627 [90minfo[39m: [90mListening on port 1234[39m
2021-12-31 11:36:30:3630 [90minfo[39m: [90mRequset Type: Product[39m
2021-12-31 11:39:11:3911 [90minfo[39m: [90mListening on port 1234[39m
2021-12-31 11:39:14:3914 [90minfo[39m: [90mRequset Type: Product[39m
2022-01-06 04:31:00:310 [90minfo[39m: [90mListening on port 1234[39m
2022-01-06 04:31:07:317 [90minfo[39m: [90mListening on port 1234[39m
2022-01-06 04:55:04:554 [90minfo[39m: [90mListening on port 1234[39m
2022-01-06 17:29:56:2956 [90minfo[39m: [90mListening on port 1234[39m
2022-01-06 18:21:34:2134 [90minfo[39m: [90mListening on port 1234[39m
2022-01-06 18:21:40:2140 [90minfo[39m: [90mRequset Type: Customer[39m
2022-01-06 18:58:54:5854 [90minfo[39m: [90mRequset Type: Customer[39m
2022-01-06 18:59:49:5949 [90minfo[39m: [90mListening on port 1234[39m
2022-01-06 18:59:50:5950 [90minfo[39m: [90mRequset Type: Customer[39m
2022-01-06 19:02:50:250 [90minfo[39m: [90mRequset Type: Customer[39m
2022-01-06 19:03:03:33 [90minfo[39m: [90mListening on port 1234[39m
2022-01-06 19:03:05:35 [90minfo[39m: [90mRequset Type: Customer[39m
2022-01-06 19:03:22:322 [90minfo[39m: [90mListening on port 1234[39m
2022-01-06 19:03:23:323 [90minfo[39m: [90mRequset Type: Customer[39m
2022-01-06 19:04:29:429 [90minfo[39m: [90mListening on port 1234[39m
2022-01-06 19:04:30:430 [90minfo[39m: [90mRequset Type: Customer[39m
2022-01-06 19:04:44:444 [90minfo[39m: [90mListening on port 1234[39m
2022-01-06 19:04:46:446 [90minfo[39m: [90mRequset Type: Customer[39m
2022-01-06 19:05:25:525 [90minfo[39m: [90mListening on port 1234[39m
2022-01-06 19:05:26:526 [90minfo[39m: [90mRequset Type: Customer[39m
2022-01-06 19:06:12:612 [90minfo[39m: [90mListening on port 1234[39m
2022-01-06 19:06:14:614 [90minfo[39m: [90mRequset Type: Customer[39m
2022-01-06 19:06:33:633 [90minfo[39m: [90mListening on port 1234[39m
2022-01-06 19:06:35:635 [90minfo[39m: [90mRequset Type: Customer[39m
2022-01-06 19:09:03:93 [90minfo[39m: [90mListening on port 1234[39m
2022-01-06 19:09:04:94 [90minfo[39m: [90mRequset Type: Customer[39m
2022-01-06 19:09:46:946 [90minfo[39m: [90mListening on port 1234[39m
2022-01-06 19:09:47:947 [90minfo[39m: [90mRequset Type: Customer[39m
2022-01-06 19:10:19:1019 [90minfo[39m: [90mRequset Type: Customer[39m
2022-01-06 19:10:31:1031 [90minfo[39m: [90mRequset Type: Customer[39m
2022-01-06 19:10:37:1037 [90minfo[39m: [90mListening on port 1234[39m
2022-01-06 19:10:38:1038 [90minfo[39m: [90mRequset Type: Customer[39m
2022-01-06 19:11:03:113 [90minfo[39m: [90mListening on port 1234[39m
2022-01-06 19:11:04:114 [90minfo[39m: [90mRequset Type: Customer[39m
2022-01-06 19:11:17:1117 [90minfo[39m: [90mListening on port 1234[39m
2022-01-06 19:11:19:1119 [90minfo[39m: [90mRequset Type: Customer[39m
2022-01-06 19:12:42:1242 [90minfo[39m: [90mListening on port 1234[39m
2022-01-06 19:12:45:1245 [90minfo[39m: [90mRequset Type: Customer[39m
2022-01-06 19:12:57:1257 [90minfo[39m: [90mListening on port 1234[39m
2022-01-06 19:12:59:1259 [90minfo[39m: [90mRequset Type: Customer[39m
2022-01-06 19:13:47:1347 [90minfo[39m: [90mListening on port 1234[39m
2022-01-06 19:13:48:1348 [90minfo[39m: [90mRequset Type: Customer[39m
2022-01-06 19:14:21:1421 [90minfo[39m: [90mListening on port 1234[39m
2022-01-06 19:14:22:1422 [90minfo[39m: [90mRequset Type: Customer[39m
2022-01-06 19:15:37:1537 [90minfo[39m: [90mListening on port 1234[39m
2022-01-06 19:15:38:1538 [90minfo[39m: [90mRequset Type: Customer[39m
2022-01-06 19:16:13:1613 [90minfo[39m: [90mListening on port 1234[39m
2022-01-06 19:16:15:1615 [90minfo[39m: [90mRequset Type: Customer[39m
2022-01-06 19:16:37:1637 [90minfo[39m: [90mListening on port 1234[39m
2022-01-06 19:16:39:1639 [90minfo[39m: [90mRequset Type: Customer[39m
2022-01-06 19:16:54:1654 [90minfo[39m: [90mListening on port 1234[39m
2022-01-06 19:16:55:1655 [90minfo[39m: [90mRequset Type: Customer[39m
2022-01-06 19:19:23:1923 [90minfo[39m: [90mListening on port 1234[39m
2022-01-06 19:19:25:1925 [90minfo[39m: [90mRequset Type: Customer[39m
2022-01-06 19:20:04:204 [90minfo[39m: [90mListening on port 1234[39m
2022-01-06 19:20:05:205 [90minfo[39m: [90mRequset Type: Customer[39m
2022-01-06 19:20:41:2041 [90minfo[39m: [90mListening on port 1234[39m
2022-01-06 19:20:42:2042 [90minfo[39m: [90mRequset Type: Customer[39m
2022-01-06 19:21:24:2124 [90minfo[39m: [90mListening on port 1234[39m
2022-01-06 19:21:29:2129 [90minfo[39m: [90mRequset Type: Customer[39m
2022-01-06 19:21:52:2152 [90minfo[39m: [90mListening on port 1234[39m
2022-01-06 19:21:54:2154 [90minfo[39m: [90mRequset Type: Customer[39m
2022-01-06 19:22:28:2228 [90minfo[39m: [90mListening on port 1234[39m
2022-01-06 19:22:29:2229 [90minfo[39m: [90mRequset Type: Customer[39m
2022-01-06 19:24:17:2417 [90minfo[39m: [90mListening on port 1234[39m
2022-01-06 19:24:18:2418 [90minfo[39m: [90mRequset Type: Customer[39m
2022-01-06 19:24:48:2448 [90minfo[39m: [90mListening on port 1234[39m
2022-01-06 19:24:49:2449 [90minfo[39m: [90mRequset Type: Customer[39m
2022-01-06 19:25:36:2536 [90minfo[39m: [90mRequset Type: Customer[39m
2022-01-06 19:25:40:2540 [90minfo[39m: [90mListening on port 1234[39m
2022-01-06 19:25:42:2542 [90minfo[39m: [90mRequset Type: Customer[39m
2022-01-06 19:27:17:2717 [90minfo[39m: [90mRequset Type: Customer[39m
2022-01-06 19:27:19:2719 [90minfo[39m: [90mListening on port 1234[39m
2022-01-06 19:27:20:2720 [90minfo[39m: [90mRequset Type: Customer[39m
2022-01-06 19:27:36:2736 [90minfo[39m: [90mListening on port 1234[39m
2022-01-06 19:27:38:2738 [90minfo[39m: [90mRequset Type: Customer[39m
2022-01-06 19:31:19:3119 [90minfo[39m: [90mListening on port 1234[39m
2022-01-06 19:31:21:3121 [90minfo[39m: [90mRequset Type: Customer[39m
2022-01-06 19:33:06:336 [90minfo[39m: [90mListening on port 1234[39m
2022-01-06 19:33:08:338 [90minfo[39m: [90mRequset Type: Customer[39m
